# JRE version: OpenJDK Runtime Environment Microsoft-8035250 (11.0.20+8) (build 11.0.20+8-LTS)
# Java VM: OpenJDK 64-Bit Server VM Microsoft-8035250 (11.0.20+8-LTS, mixed mode, tiered, compressed oops, g1 gc, windows-amd64)
Heap:
 garbage-first heap   total 192512K, used 40713K [0x0000000745400000, 0x0000000800000000)
  region size 1024K, 19 young (19456K), 7 survivors (7168K)
 Metaspace       used 48740K, capacity 49331K, committed 49484K, reserved 1093632K
  class space    used 5664K, capacity 5893K, committed 5964K, reserved 1048576K
GC Heap History (10 events):
Event: 1.107 GC heap before
{Heap before GC invocations=0 (full 0):
 garbage-first heap   total 192512K, used 17408K [0x0000000745400000, 0x0000000800000000)
  region size 1024K, 14 young (14336K), 0 survivors (0K)
 Metaspace       used 9774K, capacity 9899K, committed 10112K, reserved 1058816K
  class space    used 810K, capacity 852K, committed 896K, reserved 1048576K
}
Event: 1.148 GC heap after
{Heap after GC invocations=1 (full 0):
 garbage-first heap   total 192512K, used 5276K [0x0000000745400000, 0x0000000800000000)
  region size 1024K, 2 young (2048K), 2 survivors (2048K)
 Metaspace       used 9774K, capacity 9899K, committed 10112K, reserved 1058816K
  class space    used 810K, capacity 852K, committed 896K, reserved 1048576K
}
Event: 3.781 GC heap before
{Heap before GC invocations=1 (full 0):
 garbage-first heap   total 192512K, used 53404K [0x0000000745400000, 0x0000000800000000)
  region size 1024K, 50 young (51200K), 2 survivors (2048K)
 Metaspace       used 21027K, capacity 21248K, committed 21296K, reserved 1069056K
  class space    used 2206K, capacity 2303K, committed 2304K, reserved 1048576K
}
Event: 3.801 GC heap after
{Heap after GC invocations=2 (full 0):
 garbage-first heap   total 192512K, used 9763K [0x0000000745400000, 0x0000000800000000)
  region size 1024K, 7 young (7168K), 7 survivors (7168K)
 Metaspace       used 21027K, capacity 21248K, committed 21296K, reserved 1069056K
  class space    used 2206K, capacity 2303K, committed 2304K, reserved 1048576K
}
Event: 9.997 GC heap before
{Heap before GC invocations=3 (full 0):
 garbage-first heap   total 192512K, used 65059K [0x0000000745400000, 0x0000000800000000)
  region size 1024K, 56 young (57344K), 7 survivors (7168K)
 Metaspace       used 32407K, capacity 32805K, committed 33100K, reserved 1079296K
  class space    used 3980K, capacity 4145K, committed 4172K, reserved 1048576K
}
Event: 10.019 GC heap after
{Heap after GC invocations=4 (full 0):
 garbage-first heap   total 192512K, used 21786K [0x0000000745400000, 0x0000000800000000)
  region size 1024K, 7 young (7168K), 7 survivors (7168K)
 Metaspace       used 32407K, capacity 32805K, committed 33100K, reserved 1079296K
  class space    used 3980K, capacity 4145K, committed 4172K, reserved 1048576K
}
Event: 11.392 GC heap before
{Heap before GC invocations=4 (full 0):
 garbage-first heap   total 192512K, used 35098K [0x0000000745400000, 0x0000000800000000)
  region size 1024K, 21 young (21504K), 7 survivors (7168K)
 Metaspace       used 35485K, capacity 35914K, committed 36044K, reserved 1081344K
  class space    used 4315K, capacity 4499K, committed 4556K, reserved 1048576K
}
Event: 11.405 GC heap after
{Heap after GC invocations=5 (full 0):
 garbage-first heap   total 192512K, used 23749K [0x0000000745400000, 0x0000000800000000)
  region size 1024K, 2 young (2048K), 2 survivors (2048K)
 Metaspace       used 35485K, capacity 35914K, committed 36044K, reserved 1081344K
  class space    used 4315K, capacity 4499K, committed 4556K, reserved 1048576K
}
Event: 16.891 GC heap before
{Heap before GC invocations=6 (full 0):
 garbage-first heap   total 192512K, used 78021K [0x0000000745400000, 0x0000000800000000)
  region size 1024K, 55 young (56320K), 2 survivors (2048K)
 Metaspace       used 46057K, capacity 46531K, committed 46668K, reserved 1089536K
  class space    used 5358K, capacity 5580K, committed 5708K, reserved 1048576K
}
Event: 16.905 GC heap after
{Heap after GC invocations=7 (full 0):
 garbage-first heap   total 192512K, used 27401K [0x0000000745400000, 0x0000000800000000)
  region size 1024K, 7 young (7168K), 7 survivors (7168K)
 Metaspace       used 46057K, capacity 46531K, committed 46668K, reserved 1089536K
  class space    used 5358K, capacity 5580K, committed 5708K, reserved 1048576K
}

