# JRE version: OpenJDK Runtime Environment Microsoft-8035250 (11.0.20+8) (build 11.0.20+8-LTS)
# Java VM: OpenJDK 64-Bit Server VM Microsoft-8035250 (11.0.20+8-LTS, mixed mode, tiered, compressed oops, g1 gc, windows-amd64)
Heap:
 garbage-first heap   total 126976K, used 63093K [0x0000000080000000, 0x0000000100000000)
  region size 1024K, 46 young (47104K), 3 survivors (3072K)
 Metaspace       used 29205K, capacity 29851K, committed 30128K, reserved 542720K
  class space    used 3775K, capacity 4057K, committed 4096K, reserved 516096K
GC Heap History (12 events):
Event: 1.591 GC heap before
{Heap before GC invocations=0 (full 0):
 garbage-first heap   total 126976K, used 13312K [0x0000000080000000, 0x0000000100000000)
  region size 1024K, 14 young (14336K), 0 survivors (0K)
 Metaspace       used 6809K, capacity 6985K, committed 7168K, reserved 524288K
  class space    used 574K, capacity 650K, committed 768K, reserved 516096K
}
Event: 1.598 GC heap after
{Heap after GC invocations=1 (full 0):
 garbage-first heap   total 126976K, used 4192K [0x0000000080000000, 0x0000000100000000)
  region size 1024K, 2 young (2048K), 2 survivors (2048K)
 Metaspace       used 6809K, capacity 6985K, committed 7168K, reserved 524288K
  class space    used 574K, capacity 650K, committed 768K, reserved 516096K
}
Event: 2.263 GC heap before
{Heap before GC invocations=1 (full 0):
 garbage-first heap   total 126976K, used 19552K [0x0000000080000000, 0x0000000100000000)
  region size 1024K, 13 young (13312K), 2 survivors (2048K)
 Metaspace       used 9942K, capacity 10178K, committed 10368K, reserved 526336K
  class space    used 1014K, capacity 1102K, committed 1152K, reserved 516096K
}
Event: 2.269 GC heap after
{Heap after GC invocations=2 (full 0):
 garbage-first heap   total 126976K, used 10628K [0x0000000080000000, 0x0000000100000000)
  region size 1024K, 2 young (2048K), 2 survivors (2048K)
 Metaspace       used 9942K, capacity 10178K, committed 10368K, reserved 526336K
  class space    used 1014K, capacity 1102K, committed 1152K, reserved 516096K
}
Event: 3.235 GC heap before
{Heap before GC invocations=2 (full 0):
 garbage-first heap   total 126976K, used 39300K [0x0000000080000000, 0x0000000100000000)
  region size 1024K, 29 young (29696K), 2 survivors (2048K)
 Metaspace       used 10944K, capacity 11196K, committed 11520K, reserved 526336K
  class space    used 1115K, capacity 1206K, committed 1280K, reserved 516096K
}
Event: 3.241 GC heap after
{Heap after GC invocations=3 (full 0):
 garbage-first heap   total 126976K, used 12676K [0x0000000080000000, 0x0000000100000000)
  region size 1024K, 4 young (4096K), 4 survivors (4096K)
 Metaspace       used 10944K, capacity 11196K, committed 11520K, reserved 526336K
  class space    used 1115K, capacity 1206K, committed 1280K, reserved 516096K
}
Event: 5.641 GC heap before
{Heap before GC invocations=3 (full 0):
 garbage-first heap   total 126976K, used 53636K [0x0000000080000000, 0x0000000100000000)
  region size 1024K, 44 young (45056K), 4 survivors (4096K)
 Metaspace       used 18467K, capacity 18835K, committed 18944K, reserved 534528K
  class space    used 2108K, capacity 2241K, committed 2304K, reserved 516096K
}
Event: 5.652 GC heap after
{Heap after GC invocations=4 (full 0):
 garbage-first heap   total 126976K, used 17835K [0x0000000080000000, 0x0000000100000000)
  region size 1024K, 6 young (6144K), 6 survivors (6144K)
 Metaspace       used 18467K, capacity 18835K, committed 18944K, reserved 534528K
  class space    used 2108K, capacity 2241K, committed 2304K, reserved 516096K
}
Event: 6.103 GC heap before
{Heap before GC invocations=4 (full 0):
 garbage-first heap   total 126976K, used 35243K [0x0000000080000000, 0x0000000100000000)
  region size 1024K, 24 young (24576K), 6 survivors (6144K)
 Metaspace       used 20748K, capacity 21124K, committed 21296K, reserved 536576K
  class space    used 2452K, capacity 2607K, committed 2688K, reserved 516096K
}
Event: 6.112 GC heap after
{Heap after GC invocations=5 (full 0):
 garbage-first heap   total 126976K, used 18771K [0x0000000080000000, 0x0000000100000000)
  region size 1024K, 1 young (1024K), 1 survivors (1024K)
 Metaspace       used 20748K, capacity 21124K, committed 21296K, reserved 536576K
  class space    used 2452K, capacity 2607K, committed 2688K, reserved 516096K
}
Event: 8.050 GC heap before
{Heap before GC invocations=6 (full 0):
 garbage-first heap   total 126976K, used 62803K [0x0000000080000000, 0x0000000100000000)
  region size 1024K, 44 young (45056K), 1 survivors (1024K)
 Metaspace       used 24903K, capacity 25508K, committed 25648K, reserved 538624K
  class space    used 3112K, capacity 3348K, committed 3456K, reserved 516096K
}
Event: 8.057 GC heap after
{Heap after GC invocations=7 (full 0):
 garbage-first heap   total 126976K, used 20085K [0x0000000080000000, 0x0000000100000000)
  region size 1024K, 3 young (3072K), 3 survivors (3072K)
 Metaspace       used 24903K, capacity 25508K, committed 25648K, reserved 538624K
  class space    used 3112K, capacity 3348K, committed 3456K, reserved 516096K
}

